======================================================================
FAIL: test_cat_stdin (__main__.TestJSH)
----------------------------------------------------------------------
Traceback (most recent call last):
  File "/Users/doudou/jsh-team5/src/test/system/acceptance-tests.py", line 110, in test_cat_stdin
    self.assertEqual(result, ["AAA", "BBB", "AAA"])
AssertionError: Lists differ: ['jsh: /acceptance-test/null (No such file or directory)'] != ['AAA', 'BBB', 'AAA']

First differing element 0:
'jsh: /acceptance-test/null (No such file or directory)'
'AAA'

Second list contains 2 additional elements.
First extra element 1:
'BBB'

- ['jsh: /acceptance-test/null (No such file or directory)']
+ ['AAA', 'BBB', 'AAA']

======================================================================
FAIL: test_cut_open_interval (__main__.TestJSH)
----------------------------------------------------------------------
Traceback (most recent call last):
  File "/Users/doudou/jsh-team5/src/test/system/acceptance-tests.py", line 260, in test_cut_open_interval
    self.assertEqual(result, ["AA", "BB", "AA"])
AssertionError: Lists differ: ['A', 'B', 'A'] != ['AA', 'BB', 'AA']

First differing element 0:
'A'
'AA'

- ['A', 'B', 'A']
+ ['AA', 'BB', 'AA']
?    +    +     +


======================================================================
FAIL: test_cut_overlapping (__main__.TestJSH)
----------------------------------------------------------------------
Traceback (most recent call last):
  File "/Users/doudou/jsh-team5/src/test/system/acceptance-tests.py", line 266, in test_cut_overlapping
    self.assertEqual(result, ["AA", "BB", "AA"])
AssertionError: Lists differ: ['A', 'B', 'A'] != ['AA', 'BB', 'AA']

First differing element 0:
'A'
'AA'

- ['A', 'B', 'A']
+ ['AA', 'BB', 'AA']
?    +    +     +


======================================================================
FAIL: test_cut_union (__main__.TestJSH)
----------------------------------------------------------------------
Traceback (most recent call last):
  File "/Users/doudou/jsh-team5/src/test/system/acceptance-tests.py", line 278, in test_cut_union
    self.assertEqual(result, "abc")
AssertionError: 'ac' != 'abc'
- ac
+ abc
?  +


======================================================================
FAIL: test_find_dir (__main__.TestJSH)
----------------------------------------------------------------------
Traceback (most recent call last):
  File "/Users/doudou/jsh-team5/src/test/system/acceptance-tests.py", line 330, in test_find_dir
    self.assertEqual(result, {"dir1/file1.txt",
AssertionError: Items in the first set but not the second:
'./dir1/file2.txt'
'./dir1/longfile.txt'
'./dir1/file1.txt'
Items in the second set but not the first:
'dir1/file1.txt'
'dir1/file2.txt'
'dir1/longfile.txt'

======================================================================
FAIL: test_globbing_dir (__main__.TestJSH)
----------------------------------------------------------------------
Traceback (most recent call last):
  File "/Users/doudou/jsh-team5/src/test/system/acceptance-tests.py", line 412, in test_globbing_dir
    self.assertEqual(result, {"dir1/file1.txt", "dir1/file2.txt", "dir1/longfile.txt"})
AssertionError: Items in the first set but not the second:
'dir1/*.txt'
Items in the second set but not the first:
'dir1/file1.txt'
'dir1/file2.txt'
'dir1/longfile.txt'

======================================================================
FAIL: test_head_stdin (__main__.TestJSH)
----------------------------------------------------------------------
Traceback (most recent call last):
  File "/Users/doudou/jsh-team5/src/test/system/acceptance-tests.py", line 122, in test_head_stdin
    self.assertEqual(result, [str(i) for i in range(1,11)])
AssertionError: Lists differ: ['jsh: /acceptance-test/null (No such file or directory)'] != ['1', '2', '3', '4', '5', '6', '7', '8', '9', '10']

First differing element 0:
'jsh: /acceptance-test/null (No such file or directory)'
'1'

Second list contains 9 additional elements.
First extra element 1:
'2'

- ['jsh: /acceptance-test/null (No such file or directory)']
+ ['1', '2', '3', '4', '5', '6', '7', '8', '9', '10']

======================================================================
FAIL: test_input_redirection (__main__.TestJSH)
----------------------------------------------------------------------
Traceback (most recent call last):
  File "/Users/doudou/jsh-team5/src/test/system/acceptance-tests.py", line 374, in test_input_redirection
    self.assertEqual(result, "CCC")
AssertionError: 'jsh: /acceptance-test/null (No such file or directory)' != 'CCC'
- jsh: /acceptance-test/null (No such file or directory)
+ CCC


======================================================================
FAIL: test_input_redirection_infront (__main__.TestJSH)
----------------------------------------------------------------------
Traceback (most recent call last):
  File "/Users/doudou/jsh-team5/src/test/system/acceptance-tests.py", line 380, in test_input_redirection_infront
    self.assertEqual(result, "CCC")
AssertionError: 'jsh: /acceptance-test/null (No such file or directory)' != 'CCC'
- jsh: /acceptance-test/null (No such file or directory)
+ CCC


======================================================================
FAIL: test_input_redirection_nospace (__main__.TestJSH)
----------------------------------------------------------------------
Traceback (most recent call last):
  File "/Users/doudou/jsh-team5/src/test/system/acceptance-tests.py", line 386, in test_input_redirection_nospace
    self.assertEqual(result, "CCC")
AssertionError: 'jsh: /acceptance-test/null (No such file or directory)' != 'CCC'
- jsh: /acceptance-test/null (No such file or directory)
+ CCC


======================================================================
FAIL: test_nested_doublequotes (__main__.TestJSH)
----------------------------------------------------------------------
Traceback (most recent call last):
  File "/Users/doudou/jsh-team5/src/test/system/acceptance-tests.py", line 545, in test_nested_doublequotes
    self.assertEqual(result, "a b")
AssertionError: 'a `echo  b `' != 'a b'
- a `echo  b `
+ a b


======================================================================
FAIL: test_output_redirection (__main__.TestJSH)
----------------------------------------------------------------------
Traceback (most recent call last):
  File "/Users/doudou/jsh-team5/src/test/system/acceptance-tests.py", line 393, in test_output_redirection
    self.assertEqual(result, "foo")
AssertionError: '' != 'foo'
+ foo

======================================================================
FAIL: test_output_redirection_overwrite (__main__.TestJSH)
----------------------------------------------------------------------
Traceback (most recent call last):
  File "/Users/doudou/jsh-team5/src/test/system/acceptance-tests.py", line 400, in test_output_redirection_overwrite
    self.assertEqual(result, "foo")
AssertionError: "''" != 'foo'
- ''
+ foo


======================================================================
FAIL: test_pipe_exception (__main__.TestJSH)
----------------------------------------------------------------------
Traceback (most recent call last):
  File "/Users/doudou/jsh-team5/src/test/system/acceptance-tests.py", line 467, in test_pipe_exception
    self.assertEqual(result, "")
AssertionError: 'jsh: null' != ''
- jsh: null
+ 


======================================================================
FAIL: test_pipe_uniq (__main__.TestJSH)
----------------------------------------------------------------------
Traceback (most recent call last):
  File "/Users/doudou/jsh-team5/src/test/system/acceptance-tests.py", line 443, in test_pipe_uniq
    self.assertEqual(result, ["AAA", "BBB", "AAA"])
AssertionError: Lists differ: ['AAA', 'BBB', 'AAA', 'CCC'] != ['AAA', 'BBB', 'AAA']

First list contains 1 additional elements.
First extra element 3:
'CCC'

- ['AAA', 'BBB', 'AAA', 'CCC']
?                     -------

+ ['AAA', 'BBB', 'AAA']

======================================================================
FAIL: test_semicolon_exception (__main__.TestJSH)
----------------------------------------------------------------------
Traceback (most recent call last):
  File "/Users/doudou/jsh-team5/src/test/system/acceptance-tests.py", line 430, in test_semicolon_exception
    self.assertEqual(result, "")
AssertionError: 'jsh: null' != ''
- jsh: null
+ 


======================================================================
FAIL: test_sort_stdin (__main__.TestJSH)
----------------------------------------------------------------------
Traceback (most recent call last):
  File "/Users/doudou/jsh-team5/src/test/system/acceptance-tests.py", line 212, in test_sort_stdin
    self.assertEqual(result, ["AAA", "AAA", "BBB"])
AssertionError: Lists differ: ['jsh: /acceptance-test/null (No such file or directory)'] != ['AAA', 'AAA', 'BBB']

First differing element 0:
'jsh: /acceptance-test/null (No such file or directory)'
'AAA'

Second list contains 2 additional elements.
First extra element 1:
'AAA'

- ['jsh: /acceptance-test/null (No such file or directory)']
+ ['AAA', 'AAA', 'BBB']

======================================================================
FAIL: test_splitting (__main__.TestJSH)
----------------------------------------------------------------------
Traceback (most recent call last):
  File "/Users/doudou/jsh-team5/src/test/system/acceptance-tests.py", line 557, in test_splitting
    self.assertEqual(result, "abc")
AssertionError: 'a b c' != 'abc'
- a b c
?  - -
+ abc


======================================================================
FAIL: test_substitution_doublequotes (__main__.TestJSH)
----------------------------------------------------------------------
Traceback (most recent call last):
  File "/Users/doudou/jsh-team5/src/test/system/acceptance-tests.py", line 539, in test_substitution_doublequotes
    self.assertEqual(result, "foo")
AssertionError: '`echo foo`' != 'foo'
- `echo foo`
+ foo


======================================================================
FAIL: test_substitution_insidearg (__main__.TestJSH)
----------------------------------------------------------------------
Traceback (most recent call last):
  File "/Users/doudou/jsh-team5/src/test/system/acceptance-tests.py", line 479, in test_substitution_insidearg
    self.assertEqual(result, "aaa")
AssertionError: 'a a a' != 'aaa'
- a a a
?  - -
+ aaa


======================================================================
FAIL: test_substitution_semicolon (__main__.TestJSH)
----------------------------------------------------------------------
Traceback (most recent call last):
  File "/Users/doudou/jsh-team5/src/test/system/acceptance-tests.py", line 503, in test_substitution_semicolon
    self.assertEqual(result, "foo bar")
AssertionError: 'foo  bar' != 'foo bar'
- foo  bar
?    -
+ foo bar


======================================================================
FAIL: test_substitution_sort_find (__main__.TestJSH)
----------------------------------------------------------------------
Traceback (most recent call last):
  File "/Users/doudou/jsh-team5/src/test/system/acceptance-tests.py", line 497, in test_substitution_sort_find
    self.assertEqual(result, ["AAA", "AAA", "aaa"])
AssertionError: Lists differ: ['jsh: offset 27, count 10, length 36'] != ['AAA', 'AAA', 'aaa']

First differing element 0:
'jsh: offset 27, count 10, length 36'
'AAA'

Second list contains 2 additional elements.
First extra element 1:
'AAA'

- ['jsh: offset 27, count 10, length 36']
+ ['AAA', 'AAA', 'aaa']

======================================================================
FAIL: test_substitution_splitting (__main__.TestJSH)
----------------------------------------------------------------------
Traceback (most recent call last):
  File "/Users/doudou/jsh-team5/src/test/system/acceptance-tests.py", line 485, in test_substitution_splitting
    self.assertEqual(result, "foo bar")
AssertionError: 'jsh: null' != 'foo bar'
- jsh: null
+ foo bar


======================================================================
FAIL: test_tail_stdin (__main__.TestJSH)
----------------------------------------------------------------------
Traceback (most recent call last):
  File "/Users/doudou/jsh-team5/src/test/system/acceptance-tests.py", line 152, in test_tail_stdin
    self.assertEqual(result, [str(i) for i in range(11,21)])
AssertionError: Lists differ: ['jsh: /acceptance-test/null (No such file or directory)'] != ['11', '12', '13', '14', '15', '16', '17', '18', '19', '20']

First differing element 0:
'jsh: /acceptance-test/null (No such file or directory)'
'11'

Second list contains 9 additional elements.
First extra element 1:
'12'

- ['jsh: /acceptance-test/null (No such file or directory)']
+ ['11', '12', '13', '14', '15', '16', '17', '18', '19', '20']

======================================================================
FAIL: test_uniq_stdin (__main__.TestJSH)
----------------------------------------------------------------------
Traceback (most recent call last):
  File "/Users/doudou/jsh-team5/src/test/system/acceptance-tests.py", line 230, in test_uniq_stdin
    self.assertEqual(result, ["AAA", "aaa", "AAA"])
AssertionError: Lists differ: ['jsh: /acceptance-test/null (No such file or directory)'] != ['AAA', 'aaa', 'AAA']

First differing element 0:
'jsh: /acceptance-test/null (No such file or directory)'
'AAA'

Second list contains 2 additional elements.
First extra element 1:
'aaa'

- ['jsh: /acceptance-test/null (No such file or directory)']
+ ['AAA', 'aaa', 'AAA']

======================================================================
FAIL: test_unsafe_ls (__main__.TestJSH)
----------------------------------------------------------------------
Traceback (most recent call last):
  File "/Users/doudou/jsh-team5/src/test/system/acceptance-tests.py", line 437, in test_unsafe_ls
    self.assertEqual(result, "AAA")
AssertionError: '' != 'AAA'
+ AAA

----------------------------------------------------------------------
Ran 67 tests in 340.270s

FAILED (failures=26)
doudoudeMacBook-Pro:jsh-team5 doudou$ 